CRITICAL - 2022-10-01 08:29:32 --> Undefined property: CodeIgniter\HTTP\Response::$access_token
in APPPATH\Controllers\UserController.php on line 44.
 1 APPPATH\Controllers\UserController.php(44): CodeIgniter\Debug\Exceptions->errorHandler(2, 'Undefined property: CodeIgniter\\HTTP\\Response::$access_token', 'APPPATH\\Controllers\\UserController.php', 44)
 2 SYSTEMPATH\CodeIgniter.php(907): App\Controllers\UserController->login()
 3 SYSTEMPATH\CodeIgniter.php(457): CodeIgniter\CodeIgniter->runController(Object(App\Controllers\UserController))
 4 SYSTEMPATH\CodeIgniter.php(340): CodeIgniter\CodeIgniter->handleRequest(null, Object(Config\Cache), false)
 5 FCPATH\index.php(67): CodeIgniter\CodeIgniter->run()
CRITICAL - 2022-10-01 08:37:12 --> Cannot access offset of type string on string
in APPPATH\Controllers\UserController.php on line 41.
 1 SYSTEMPATH\CodeIgniter.php(907): App\Controllers\UserController->login()
 2 SYSTEMPATH\CodeIgniter.php(457): CodeIgniter\CodeIgniter->runController(Object(App\Controllers\UserController))
 3 SYSTEMPATH\CodeIgniter.php(340): CodeIgniter\CodeIgniter->handleRequest(null, Object(Config\Cache), false)
 4 FCPATH\index.php(67): CodeIgniter\CodeIgniter->run()
CRITICAL - 2022-10-01 09:09:08 --> Undefined property: App\Filters\OauthFilter::$session
in APPPATH\Filters\OauthFilter.php on line 17.
 1 APPPATH\Filters\OauthFilter.php(17): CodeIgniter\Debug\Exceptions->errorHandler(2, 'Undefined property: App\\Filters\\OauthFilter::$session', 'APPPATH\\Filters\\OauthFilter.php', 17)
 2 SYSTEMPATH\Filters\Filters.php(173): App\Filters\OauthFilter->before(Object(CodeIgniter\HTTP\IncomingRequest), null)
 3 SYSTEMPATH\CodeIgniter.php(431): CodeIgniter\Filters\Filters->run('blog', 'before')
 4 SYSTEMPATH\CodeIgniter.php(340): CodeIgniter\CodeIgniter->handleRequest(null, Object(Config\Cache), false)
 5 FCPATH\index.php(67): CodeIgniter\CodeIgniter->run()
