CRITICAL - 2022-09-30 15:38:10 --> Illegal offset type
in APPPATH\Controllers\UserController.php on line 23.
 1 [internal function]: CodeIgniter\Debug\Exceptions->shutdownHandler()
CRITICAL - 2022-09-30 16:10:47 --> Undefined property: App\Controllers\UserController::$load
in APPPATH\Controllers\UserController.php on line 38.
 1 APPPATH\Controllers\UserController.php(38): CodeIgniter\Debug\Exceptions->errorHandler(2, 'Undefined property: App\\Controllers\\UserController::$load', 'APPPATH\\Controllers\\UserController.php', 38)
 2 SYSTEMPATH\CodeIgniter.php(907): App\Controllers\UserController->login()
 3 SYSTEMPATH\CodeIgniter.php(457): CodeIgniter\CodeIgniter->runController(Object(App\Controllers\UserController))
 4 SYSTEMPATH\CodeIgniter.php(340): CodeIgniter\CodeIgniter->handleRequest(null, Object(Config\Cache), false)
 5 FCPATH\index.php(67): CodeIgniter\CodeIgniter->run()
CRITICAL - 2022-09-30 17:31:26 --> Cannot use object of type CodeIgniter\HTTP\Response as array
in APPPATH\Controllers\UserController.php on line 41.
 1 SYSTEMPATH\CodeIgniter.php(907): App\Controllers\UserController->login()
 2 SYSTEMPATH\CodeIgniter.php(457): CodeIgniter\CodeIgniter->runController(Object(App\Controllers\UserController))
 3 SYSTEMPATH\CodeIgniter.php(340): CodeIgniter\CodeIgniter->handleRequest(null, Object(Config\Cache), false)
 4 FCPATH\index.php(67): CodeIgniter\CodeIgniter->run()
CRITICAL - 2022-09-30 17:32:20 --> Undefined property: CodeIgniter\HTTP\Response::$access_token
in APPPATH\Controllers\UserController.php on line 41.
 1 APPPATH\Controllers\UserController.php(41): CodeIgniter\Debug\Exceptions->errorHandler(2, 'Undefined property: CodeIgniter\\HTTP\\Response::$access_token', 'APPPATH\\Controllers\\UserController.php', 41)
 2 SYSTEMPATH\CodeIgniter.php(907): App\Controllers\UserController->login()
 3 SYSTEMPATH\CodeIgniter.php(457): CodeIgniter\CodeIgniter->runController(Object(App\Controllers\UserController))
 4 SYSTEMPATH\CodeIgniter.php(340): CodeIgniter\CodeIgniter->handleRequest(null, Object(Config\Cache), false)
 5 FCPATH\index.php(67): CodeIgniter\CodeIgniter->run()
CRITICAL - 2022-09-30 17:33:02 --> Undefined property: CodeIgniter\HTTP\Response::$access_token
in APPPATH\Controllers\UserController.php on line 42.
 1 APPPATH\Controllers\UserController.php(42): CodeIgniter\Debug\Exceptions->errorHandler(2, 'Undefined property: CodeIgniter\\HTTP\\Response::$access_token', 'APPPATH\\Controllers\\UserController.php', 42)
 2 SYSTEMPATH\CodeIgniter.php(907): App\Controllers\UserController->login()
 3 SYSTEMPATH\CodeIgniter.php(457): CodeIgniter\CodeIgniter->runController(Object(App\Controllers\UserController))
 4 SYSTEMPATH\CodeIgniter.php(340): CodeIgniter\CodeIgniter->handleRequest(null, Object(Config\Cache), false)
 5 FCPATH\index.php(67): CodeIgniter\CodeIgniter->run()
CRITICAL - 2022-09-30 17:33:45 --> Undefined property: CodeIgniter\HTTP\Response::$access_token
in APPPATH\Controllers\UserController.php on line 42.
 1 APPPATH\Controllers\UserController.php(42): CodeIgniter\Debug\Exceptions->errorHandler(2, 'Undefined property: CodeIgniter\\HTTP\\Response::$access_token', 'APPPATH\\Controllers\\UserController.php', 42)
 2 SYSTEMPATH\CodeIgniter.php(907): App\Controllers\UserController->login()
 3 SYSTEMPATH\CodeIgniter.php(457): CodeIgniter\CodeIgniter->runController(Object(App\Controllers\UserController))
 4 SYSTEMPATH\CodeIgniter.php(340): CodeIgniter\CodeIgniter->handleRequest(null, Object(Config\Cache), false)
 5 FCPATH\index.php(67): CodeIgniter\CodeIgniter->run()
CRITICAL - 2022-09-30 17:35:21 --> Cannot access protected property CodeIgniter\HTTP\Response::$body
in APPPATH\Controllers\UserController.php on line 41.
 1 SYSTEMPATH\CodeIgniter.php(907): App\Controllers\UserController->login()
 2 SYSTEMPATH\CodeIgniter.php(457): CodeIgniter\CodeIgniter->runController(Object(App\Controllers\UserController))
 3 SYSTEMPATH\CodeIgniter.php(340): CodeIgniter\CodeIgniter->handleRequest(null, Object(Config\Cache), false)
 4 FCPATH\index.php(67): CodeIgniter\CodeIgniter->run()
CRITICAL - 2022-09-30 17:35:52 --> Undefined property: CodeIgniter\HTTP\Response::$access_token
in APPPATH\Controllers\UserController.php on line 44.
 1 APPPATH\Controllers\UserController.php(44): CodeIgniter\Debug\Exceptions->errorHandler(2, 'Undefined property: CodeIgniter\\HTTP\\Response::$access_token', 'APPPATH\\Controllers\\UserController.php', 44)
 2 SYSTEMPATH\CodeIgniter.php(907): App\Controllers\UserController->login()
 3 SYSTEMPATH\CodeIgniter.php(457): CodeIgniter\CodeIgniter->runController(Object(App\Controllers\UserController))
 4 SYSTEMPATH\CodeIgniter.php(340): CodeIgniter\CodeIgniter->handleRequest(null, Object(Config\Cache), false)
 5 FCPATH\index.php(67): CodeIgniter\CodeIgniter->run()
CRITICAL - 2022-09-30 17:38:01 --> Cannot use object of type CodeIgniter\HTTP\Response as array
in APPPATH\Controllers\UserController.php on line 42.
 1 SYSTEMPATH\CodeIgniter.php(907): App\Controllers\UserController->login()
 2 SYSTEMPATH\CodeIgniter.php(457): CodeIgniter\CodeIgniter->runController(Object(App\Controllers\UserController))
 3 SYSTEMPATH\CodeIgniter.php(340): CodeIgniter\CodeIgniter->handleRequest(null, Object(Config\Cache), false)
 4 FCPATH\index.php(67): CodeIgniter\CodeIgniter->run()
CRITICAL - 2022-09-30 17:38:18 --> Undefined property: CodeIgniter\HTTP\Response::$access_token
in APPPATH\Controllers\UserController.php on line 44.
 1 APPPATH\Controllers\UserController.php(44): CodeIgniter\Debug\Exceptions->errorHandler(2, 'Undefined property: CodeIgniter\\HTTP\\Response::$access_token', 'APPPATH\\Controllers\\UserController.php', 44)
 2 SYSTEMPATH\CodeIgniter.php(907): App\Controllers\UserController->login()
 3 SYSTEMPATH\CodeIgniter.php(457): CodeIgniter\CodeIgniter->runController(Object(App\Controllers\UserController))
 4 SYSTEMPATH\CodeIgniter.php(340): CodeIgniter\CodeIgniter->handleRequest(null, Object(Config\Cache), false)
 5 FCPATH\index.php(67): CodeIgniter\CodeIgniter->run()
CRITICAL - 2022-09-30 17:42:32 --> Undefined property: CodeIgniter\HTTP\Response::$access_token
in APPPATH\Controllers\UserController.php on line 44.
 1 APPPATH\Controllers\UserController.php(44): CodeIgniter\Debug\Exceptions->errorHandler(2, 'Undefined property: CodeIgniter\\HTTP\\Response::$access_token', 'APPPATH\\Controllers\\UserController.php', 44)
 2 SYSTEMPATH\CodeIgniter.php(907): App\Controllers\UserController->login()
 3 SYSTEMPATH\CodeIgniter.php(457): CodeIgniter\CodeIgniter->runController(Object(App\Controllers\UserController))
 4 SYSTEMPATH\CodeIgniter.php(340): CodeIgniter\CodeIgniter->handleRequest(null, Object(Config\Cache), false)
 5 FCPATH\index.php(67): CodeIgniter\CodeIgniter->run()
CRITICAL - 2022-09-30 17:45:59 --> Cannot use object of type CodeIgniter\HTTP\Response as array
in APPPATH\Controllers\UserController.php on line 42.
 1 SYSTEMPATH\CodeIgniter.php(907): App\Controllers\UserController->login()
 2 SYSTEMPATH\CodeIgniter.php(457): CodeIgniter\CodeIgniter->runController(Object(App\Controllers\UserController))
 3 SYSTEMPATH\CodeIgniter.php(340): CodeIgniter\CodeIgniter->handleRequest(null, Object(Config\Cache), false)
 4 FCPATH\index.php(67): CodeIgniter\CodeIgniter->run()
CRITICAL - 2022-09-30 17:46:12 --> Undefined property: CodeIgniter\HTTP\Response::$access_token
in APPPATH\Controllers\UserController.php on line 44.
 1 APPPATH\Controllers\UserController.php(44): CodeIgniter\Debug\Exceptions->errorHandler(2, 'Undefined property: CodeIgniter\\HTTP\\Response::$access_token', 'APPPATH\\Controllers\\UserController.php', 44)
 2 SYSTEMPATH\CodeIgniter.php(907): App\Controllers\UserController->login()
 3 SYSTEMPATH\CodeIgniter.php(457): CodeIgniter\CodeIgniter->runController(Object(App\Controllers\UserController))
 4 SYSTEMPATH\CodeIgniter.php(340): CodeIgniter\CodeIgniter->handleRequest(null, Object(Config\Cache), false)
 5 FCPATH\index.php(67): CodeIgniter\CodeIgniter->run()
CRITICAL - 2022-09-30 17:52:28 --> Undefined property: CodeIgniter\HTTP\Response::$access_token
in APPPATH\Controllers\UserController.php on line 44.
 1 APPPATH\Controllers\UserController.php(44): CodeIgniter\Debug\Exceptions->errorHandler(2, 'Undefined property: CodeIgniter\\HTTP\\Response::$access_token', 'APPPATH\\Controllers\\UserController.php', 44)
 2 SYSTEMPATH\CodeIgniter.php(907): App\Controllers\UserController->login()
 3 SYSTEMPATH\CodeIgniter.php(457): CodeIgniter\CodeIgniter->runController(Object(App\Controllers\UserController))
 4 SYSTEMPATH\CodeIgniter.php(340): CodeIgniter\CodeIgniter->handleRequest(null, Object(Config\Cache), false)
 5 FCPATH\index.php(67): CodeIgniter\CodeIgniter->run()
CRITICAL - 2022-09-30 17:56:04 --> Undefined property: CodeIgniter\HTTP\Response::$access_token
in APPPATH\Controllers\UserController.php on line 44.
 1 APPPATH\Controllers\UserController.php(44): CodeIgniter\Debug\Exceptions->errorHandler(2, 'Undefined property: CodeIgniter\\HTTP\\Response::$access_token', 'APPPATH\\Controllers\\UserController.php', 44)
 2 SYSTEMPATH\CodeIgniter.php(907): App\Controllers\UserController->login()
 3 SYSTEMPATH\CodeIgniter.php(457): CodeIgniter\CodeIgniter->runController(Object(App\Controllers\UserController))
 4 SYSTEMPATH\CodeIgniter.php(340): CodeIgniter\CodeIgniter->handleRequest(null, Object(Config\Cache), false)
 5 FCPATH\index.php(67): CodeIgniter\CodeIgniter->run()
CRITICAL - 2022-09-30 17:58:00 --> Undefined property: CodeIgniter\HTTP\Response::$access_token
in APPPATH\Controllers\UserController.php on line 44.
 1 APPPATH\Controllers\UserController.php(44): CodeIgniter\Debug\Exceptions->errorHandler(2, 'Undefined property: CodeIgniter\\HTTP\\Response::$access_token', 'APPPATH\\Controllers\\UserController.php', 44)
 2 SYSTEMPATH\CodeIgniter.php(907): App\Controllers\UserController->login()
 3 SYSTEMPATH\CodeIgniter.php(457): CodeIgniter\CodeIgniter->runController(Object(App\Controllers\UserController))
 4 SYSTEMPATH\CodeIgniter.php(340): CodeIgniter\CodeIgniter->handleRequest(null, Object(Config\Cache), false)
 5 FCPATH\index.php(67): CodeIgniter\CodeIgniter->run()
CRITICAL - 2022-09-30 18:21:55 --> Undefined property: CodeIgniter\HTTP\Response::$access_token
in APPPATH\Controllers\UserController.php on line 44.
 1 APPPATH\Controllers\UserController.php(44): CodeIgniter\Debug\Exceptions->errorHandler(2, 'Undefined property: CodeIgniter\\HTTP\\Response::$access_token', 'APPPATH\\Controllers\\UserController.php', 44)
 2 SYSTEMPATH\CodeIgniter.php(907): App\Controllers\UserController->login()
 3 SYSTEMPATH\CodeIgniter.php(457): CodeIgniter\CodeIgniter->runController(Object(App\Controllers\UserController))
 4 SYSTEMPATH\CodeIgniter.php(340): CodeIgniter\CodeIgniter->handleRequest(null, Object(Config\Cache), false)
 5 FCPATH\index.php(67): CodeIgniter\CodeIgniter->run()
CRITICAL - 2022-09-30 18:22:09 --> Undefined property: CodeIgniter\HTTP\Response::$access_token
in APPPATH\Controllers\UserController.php on line 44.
 1 APPPATH\Controllers\UserController.php(44): CodeIgniter\Debug\Exceptions->errorHandler(2, 'Undefined property: CodeIgniter\\HTTP\\Response::$access_token', 'APPPATH\\Controllers\\UserController.php', 44)
 2 SYSTEMPATH\CodeIgniter.php(907): App\Controllers\UserController->login()
 3 SYSTEMPATH\CodeIgniter.php(457): CodeIgniter\CodeIgniter->runController(Object(App\Controllers\UserController))
 4 SYSTEMPATH\CodeIgniter.php(340): CodeIgniter\CodeIgniter->handleRequest(null, Object(Config\Cache), false)
 5 FCPATH\index.php(67): CodeIgniter\CodeIgniter->run()
CRITICAL - 2022-09-30 18:22:53 --> Undefined property: CodeIgniter\HTTP\Response::$access_token
in APPPATH\Controllers\UserController.php on line 44.
 1 APPPATH\Controllers\UserController.php(44): CodeIgniter\Debug\Exceptions->errorHandler(2, 'Undefined property: CodeIgniter\\HTTP\\Response::$access_token', 'APPPATH\\Controllers\\UserController.php', 44)
 2 SYSTEMPATH\CodeIgniter.php(907): App\Controllers\UserController->login()
 3 SYSTEMPATH\CodeIgniter.php(457): CodeIgniter\CodeIgniter->runController(Object(App\Controllers\UserController))
 4 SYSTEMPATH\CodeIgniter.php(340): CodeIgniter\CodeIgniter->handleRequest(null, Object(Config\Cache), false)
 5 FCPATH\index.php(67): CodeIgniter\CodeIgniter->run()
CRITICAL - 2022-09-30 18:23:30 --> Cannot use object of type CodeIgniter\HTTP\Response as array
in APPPATH\Controllers\UserController.php on line 42.
 1 SYSTEMPATH\CodeIgniter.php(907): App\Controllers\UserController->login()
 2 SYSTEMPATH\CodeIgniter.php(457): CodeIgniter\CodeIgniter->runController(Object(App\Controllers\UserController))
 3 SYSTEMPATH\CodeIgniter.php(340): CodeIgniter\CodeIgniter->handleRequest(null, Object(Config\Cache), false)
 4 FCPATH\index.php(67): CodeIgniter\CodeIgniter->run()
CRITICAL - 2022-09-30 18:23:44 --> Undefined property: CodeIgniter\HTTP\Response::$access_token
in APPPATH\Controllers\UserController.php on line 44.
 1 APPPATH\Controllers\UserController.php(44): CodeIgniter\Debug\Exceptions->errorHandler(2, 'Undefined property: CodeIgniter\\HTTP\\Response::$access_token', 'APPPATH\\Controllers\\UserController.php', 44)
 2 SYSTEMPATH\CodeIgniter.php(907): App\Controllers\UserController->login()
 3 SYSTEMPATH\CodeIgniter.php(457): CodeIgniter\CodeIgniter->runController(Object(App\Controllers\UserController))
 4 SYSTEMPATH\CodeIgniter.php(340): CodeIgniter\CodeIgniter->handleRequest(null, Object(Config\Cache), false)
 5 FCPATH\index.php(67): CodeIgniter\CodeIgniter->run()
CRITICAL - 2022-09-30 18:24:20 --> Cannot use object of type CodeIgniter\HTTP\Response as array
in APPPATH\Controllers\UserController.php on line 43.
 1 SYSTEMPATH\CodeIgniter.php(907): App\Controllers\UserController->login()
 2 SYSTEMPATH\CodeIgniter.php(457): CodeIgniter\CodeIgniter->runController(Object(App\Controllers\UserController))
 3 SYSTEMPATH\CodeIgniter.php(340): CodeIgniter\CodeIgniter->handleRequest(null, Object(Config\Cache), false)
 4 FCPATH\index.php(67): CodeIgniter\CodeIgniter->run()
CRITICAL - 2022-09-30 18:24:42 --> Undefined property: CodeIgniter\HTTP\Response::$access_token
in APPPATH\Controllers\UserController.php on line 44.
 1 APPPATH\Controllers\UserController.php(44): CodeIgniter\Debug\Exceptions->errorHandler(2, 'Undefined property: CodeIgniter\\HTTP\\Response::$access_token', 'APPPATH\\Controllers\\UserController.php', 44)
 2 SYSTEMPATH\CodeIgniter.php(907): App\Controllers\UserController->login()
 3 SYSTEMPATH\CodeIgniter.php(457): CodeIgniter\CodeIgniter->runController(Object(App\Controllers\UserController))
 4 SYSTEMPATH\CodeIgniter.php(340): CodeIgniter\CodeIgniter->handleRequest(null, Object(Config\Cache), false)
 5 FCPATH\index.php(67): CodeIgniter\CodeIgniter->run()
CRITICAL - 2022-09-30 18:25:50 --> Cannot access protected property CodeIgniter\HTTP\Response::$protocolVersion
in APPPATH\Controllers\UserController.php on line 42.
 1 SYSTEMPATH\CodeIgniter.php(907): App\Controllers\UserController->login()
 2 SYSTEMPATH\CodeIgniter.php(457): CodeIgniter\CodeIgniter->runController(Object(App\Controllers\UserController))
 3 SYSTEMPATH\CodeIgniter.php(340): CodeIgniter\CodeIgniter->handleRequest(null, Object(Config\Cache), false)
 4 FCPATH\index.php(67): CodeIgniter\CodeIgniter->run()
CRITICAL - 2022-09-30 18:26:08 --> Undefined property: CodeIgniter\HTTP\Response::$access_token
in APPPATH\Controllers\UserController.php on line 44.
 1 APPPATH\Controllers\UserController.php(44): CodeIgniter\Debug\Exceptions->errorHandler(2, 'Undefined property: CodeIgniter\\HTTP\\Response::$access_token', 'APPPATH\\Controllers\\UserController.php', 44)
 2 SYSTEMPATH\CodeIgniter.php(907): App\Controllers\UserController->login()
 3 SYSTEMPATH\CodeIgniter.php(457): CodeIgniter\CodeIgniter->runController(Object(App\Controllers\UserController))
 4 SYSTEMPATH\CodeIgniter.php(340): CodeIgniter\CodeIgniter->handleRequest(null, Object(Config\Cache), false)
 5 FCPATH\index.php(67): CodeIgniter\CodeIgniter->run()
